# JRE version: Java(TM) SE Runtime Environment (12.0.2+10) (build 12.0.2+10)
# Java VM: Java HotSpot(TM) 64-Bit Server VM (12.0.2+10, mixed mode, sharing, tiered, compressed oops, g1 gc, windows-amd64)
Heap:
 garbage-first heap   total 100352K, used 51631K [0x0000000080000000, 0x0000000100000000)
  region size 1024K, 7 young (7168K), 2 survivors (2048K)
 Metaspace       used 56149K, capacity 57625K, committed 57936K, reserved 1099776K
  class space    used 7535K, capacity 8078K, committed 8192K, reserved 1048576K
GC Heap History (10 events):
Event: 9.871 GC heap before
{Heap before GC invocations=14 (full 0):
 garbage-first heap   total 82944K, used 62195K [0x0000000080000000, 0x0000000100000000)
  region size 1024K, 28 young (28672K), 2 survivors (2048K)
 Metaspace       used 44970K, capacity 46191K, committed 46416K, reserved 1089536K
  class space    used 5990K, capacity 6391K, committed 6400K, reserved 1048576K
}
Event: 9.877 GC heap after
{Heap after GC invocations=15 (full 0):
 garbage-first heap   total 82944K, used 40585K [0x0000000080000000, 0x0000000100000000)
  region size 1024K, 4 young (4096K), 4 survivors (4096K)
 Metaspace       used 44970K, capacity 46191K, committed 46416K, reserved 1089536K
  class space    used 5990K, capacity 6391K, committed 6400K, reserved 1048576K
}
Event: 10.410 GC heap before
{Heap before GC invocations=15 (full 0):
 garbage-first heap   total 82944K, used 64137K [0x0000000080000000, 0x0000000100000000)
  region size 1024K, 27 young (27648K), 4 survivors (4096K)
 Metaspace       used 47275K, capacity 48487K, committed 48592K, reserved 1091584K
  class space    used 6290K, capacity 6699K, committed 6784K, reserved 1048576K
}
Event: 10.419 GC heap after
{Heap after GC invocations=16 (full 0):
 garbage-first heap   total 82944K, used 41563K [0x0000000080000000, 0x0000000100000000)
  region size 1024K, 2 young (2048K), 2 survivors (2048K)
 Metaspace       used 47275K, capacity 48487K, committed 48592K, reserved 1091584K
  class space    used 6290K, capacity 6699K, committed 6784K, reserved 1048576K
}
Event: 11.092 GC heap before
{Heap before GC invocations=17 (full 0):
 garbage-first heap   total 82944K, used 65115K [0x0000000080000000, 0x0000000100000000)
  region size 1024K, 24 young (24576K), 2 survivors (2048K)
 Metaspace       used 50642K, capacity 51945K, committed 52048K, reserved 1093632K
  class space    used 6673K, capacity 7128K, committed 7168K, reserved 1048576K
}
Event: 11.100 GC heap after
{Heap after GC invocations=18 (full 0):
 garbage-first heap   total 82944K, used 43175K [0x0000000080000000, 0x0000000100000000)
  region size 1024K, 2 young (2048K), 2 survivors (2048K)
 Metaspace       used 50642K, capacity 51945K, committed 52048K, reserved 1093632K
  class space    used 6673K, capacity 7128K, committed 7168K, reserved 1048576K
}
Event: 11.474 GC heap before
{Heap before GC invocations=18 (full 0):
 garbage-first heap   total 82944K, used 65703K [0x0000000080000000, 0x0000000100000000)
  region size 1024K, 24 young (24576K), 2 survivors (2048K)
 Metaspace       used 52061K, capacity 53393K, committed 53584K, reserved 1095680K
  class space    used 6858K, capacity 7336K, committed 7424K, reserved 1048576K
}
Event: 11.482 GC heap after
{Heap after GC invocations=19 (full 0):
 garbage-first heap   total 100352K, used 45638K [0x0000000080000000, 0x0000000100000000)
  region size 1024K, 3 young (3072K), 3 survivors (3072K)
 Metaspace       used 52061K, capacity 53393K, committed 53584K, reserved 1095680K
  class space    used 6858K, capacity 7336K, committed 7424K, reserved 1048576K
}
Event: 12.276 GC heap before
{Heap before GC invocations=20 (full 0):
 garbage-first heap   total 100352K, used 73286K [0x0000000080000000, 0x0000000100000000)
  region size 1024K, 30 young (30720K), 3 survivors (3072K)
 Metaspace       used 55675K, capacity 57063K, committed 57296K, reserved 1099776K
  class space    used 7458K, capacity 7937K, committed 8064K, reserved 1048576K
}
Event: 12.285 GC heap after
{Heap after GC invocations=21 (full 0):
 garbage-first heap   total 100352K, used 47535K [0x0000000080000000, 0x0000000100000000)
  region size 1024K, 2 young (2048K), 2 survivors (2048K)
 Metaspace       used 55675K, capacity 57063K, committed 57296K, reserved 1099776K
  class space    used 7458K, capacity 7937K, committed 8064K, reserved 1048576K
}

