# JRE version: Java(TM) SE Runtime Environment (12.0.2+10) (build 12.0.2+10)
# Java VM: Java HotSpot(TM) 64-Bit Server VM (12.0.2+10, mixed mode, sharing, tiered, compressed oops, g1 gc, windows-amd64)
Heap:
 garbage-first heap   total 155648K, used 23477K [0x0000000080000000, 0x0000000100000000)
  region size 1024K, 11 young (11264K), 5 survivors (5120K)
 Metaspace       used 19213K, capacity 19822K, committed 19968K, reserved 1067008K
  class space    used 2752K, capacity 2970K, committed 3072K, reserved 1048576K
GC Heap History (10 events):
Event: 0.505 GC heap before
{Heap before GC invocations=0 (full 0):
 garbage-first heap   total 129024K, used 20480K [0x0000000080000000, 0x0000000100000000)
  region size 1024K, 14 young (14336K), 0 survivors (0K)
 Metaspace       used 1878K, capacity 5353K, committed 5504K, reserved 1056768K
  class space    used 213K, capacity 549K, committed 640K, reserved 1048576K
}
Event: 0.510 GC heap after
{Heap after GC invocations=1 (full 0):
 garbage-first heap   total 129024K, used 8072K [0x0000000080000000, 0x0000000100000000)
  region size 1024K, 2 young (2048K), 2 survivors (2048K)
 Metaspace       used 1878K, capacity 5353K, committed 5504K, reserved 1056768K
  class space    used 213K, capacity 549K, committed 640K, reserved 1048576K
}
Event: 0.837 GC heap before
{Heap before GC invocations=1 (full 0):
 garbage-first heap   total 129024K, used 19336K [0x0000000080000000, 0x0000000100000000)
  region size 1024K, 13 young (13312K), 2 survivors (2048K)
 Metaspace       used 3833K, capacity 6665K, committed 7040K, reserved 1056768K
  class space    used 500K, capacity 774K, committed 896K, reserved 1048576K
}
Event: 0.840 GC heap after
{Heap after GC invocations=2 (full 0):
 garbage-first heap   total 129024K, used 8814K [0x0000000080000000, 0x0000000100000000)
  region size 1024K, 1 young (1024K), 1 survivors (1024K)
 Metaspace       used 3833K, capacity 6665K, committed 7040K, reserved 1056768K
  class space    used 500K, capacity 774K, committed 896K, reserved 1048576K
}
Event: 1.254 GC heap before
{Heap before GC invocations=2 (full 0):
 garbage-first heap   total 129024K, used 39534K [0x0000000080000000, 0x0000000100000000)
  region size 1024K, 31 young (31744K), 1 survivors (1024K)
 Metaspace       used 4095K, capacity 6817K, committed 7040K, reserved 1056768K
  class space    used 529K, capacity 846K, committed 896K, reserved 1048576K
}
Event: 1.257 GC heap after
{Heap after GC invocations=3 (full 0):
 garbage-first heap   total 129024K, used 13291K [0x0000000080000000, 0x0000000100000000)
  region size 1024K, 4 young (4096K), 4 survivors (4096K)
 Metaspace       used 4095K, capacity 6817K, committed 7040K, reserved 1056768K
  class space    used 529K, capacity 846K, committed 896K, reserved 1048576K
}
Event: 2.683 GC heap before
{Heap before GC invocations=3 (full 0):
 garbage-first heap   total 129024K, used 55275K [0x0000000080000000, 0x0000000100000000)
  region size 1024K, 46 young (47104K), 4 survivors (4096K)
 Metaspace       used 11760K, capacity 12154K, committed 12288K, reserved 1060864K
  class space    used 1653K, capacity 1788K, committed 1792K, reserved 1048576K
}
Event: 2.690 GC heap after
{Heap after GC invocations=4 (full 0):
 garbage-first heap   total 129024K, used 16420K [0x0000000080000000, 0x0000000100000000)
  region size 1024K, 3 young (3072K), 3 survivors (3072K)
 Metaspace       used 11760K, capacity 12154K, committed 12288K, reserved 1060864K
  class space    used 1653K, capacity 1788K, committed 1792K, reserved 1048576K
}
Event: 3.740 GC heap before
{Heap before GC invocations=4 (full 0):
 garbage-first heap   total 129024K, used 69668K [0x0000000080000000, 0x0000000100000000)
  region size 1024K, 55 young (56320K), 3 survivors (3072K)
 Metaspace       used 18741K, capacity 19279K, committed 19328K, reserved 1064960K
  class space    used 2692K, capacity 2895K, committed 2944K, reserved 1048576K
}
Event: 3.755 GC heap after
{Heap after GC invocations=5 (full 0):
 garbage-first heap   total 155648K, used 18357K [0x0000000080000000, 0x0000000100000000)
  region size 1024K, 5 young (5120K), 5 survivors (5120K)
 Metaspace       used 18741K, capacity 19279K, committed 19328K, reserved 1064960K
  class space    used 2692K, capacity 2895K, committed 2944K, reserved 1048576K
}

