# JRE version: Java(TM) SE Runtime Environment (12.0.2+10) (build 12.0.2+10)
# Java VM: Java HotSpot(TM) 64-Bit Server VM (12.0.2+10, mixed mode, sharing, tiered, compressed oops, g1 gc, windows-amd64)
Heap:
 garbage-first heap   total 95232K, used 49709K [0x0000000080000000, 0x0000000100000000)
  region size 1024K, 8 young (8192K), 4 survivors (4096K)
 Metaspace       used 56961K, capacity 58478K, committed 58576K, reserved 1099776K
  class space    used 7669K, capacity 8192K, committed 8192K, reserved 1048576K
GC Heap History (10 events):
Event: 10.712 GC heap before
{Heap before GC invocations=15 (full 0):
 garbage-first heap   total 78848K, used 58224K [0x0000000080000000, 0x0000000100000000)
  region size 1024K, 24 young (24576K), 3 survivors (3072K)
 Metaspace       used 46028K, capacity 47263K, committed 47440K, reserved 1089536K
  class space    used 6137K, capacity 6526K, committed 6528K, reserved 1048576K
}
Event: 10.720 GC heap after
{Heap after GC invocations=16 (full 0):
 garbage-first heap   total 78848K, used 39942K [0x0000000080000000, 0x0000000100000000)
  region size 1024K, 3 young (3072K), 3 survivors (3072K)
 Metaspace       used 46028K, capacity 47263K, committed 47440K, reserved 1089536K
  class space    used 6137K, capacity 6526K, committed 6528K, reserved 1048576K
}
Event: 11.139 GC heap before
{Heap before GC invocations=16 (full 0):
 garbage-first heap   total 78848K, used 54278K [0x0000000080000000, 0x0000000100000000)
  region size 1024K, 18 young (18432K), 3 survivors (3072K)
 Metaspace       used 47645K, capacity 48860K, committed 48976K, reserved 1091584K
  class space    used 6342K, capacity 6758K, committed 6784K, reserved 1048576K
}
Event: 11.146 GC heap after
{Heap after GC invocations=17 (full 0):
 garbage-first heap   total 95232K, used 41348K [0x0000000080000000, 0x0000000100000000)
  region size 1024K, 2 young (2048K), 2 survivors (2048K)
 Metaspace       used 47645K, capacity 48860K, committed 48976K, reserved 1091584K
  class space    used 6342K, capacity 6758K, committed 6784K, reserved 1048576K
}
Event: 11.919 GC heap before
{Heap before GC invocations=18 (full 0):
 garbage-first heap   total 95232K, used 67972K [0x0000000080000000, 0x0000000100000000)
  region size 1024K, 27 young (27648K), 2 survivors (2048K)
 Metaspace       used 50698K, capacity 52117K, committed 52176K, reserved 1093632K
  class space    used 6687K, capacity 7164K, committed 7168K, reserved 1048576K
}
Event: 11.925 GC heap after
{Heap after GC invocations=19 (full 0):
 garbage-first heap   total 95232K, used 43226K [0x0000000080000000, 0x0000000100000000)
  region size 1024K, 4 young (4096K), 4 survivors (4096K)
 Metaspace       used 50698K, capacity 52117K, committed 52176K, reserved 1093632K
  class space    used 6687K, capacity 7164K, committed 7168K, reserved 1048576K
}
Event: 12.487 GC heap before
{Heap before GC invocations=19 (full 0):
 garbage-first heap   total 95232K, used 67802K [0x0000000080000000, 0x0000000100000000)
  region size 1024K, 29 young (29696K), 4 survivors (4096K)
 Metaspace       used 53628K, capacity 55079K, committed 55248K, reserved 1097728K
  class space    used 7152K, capacity 7666K, committed 7680K, reserved 1048576K
}
Event: 12.495 GC heap after
{Heap after GC invocations=20 (full 0):
 garbage-first heap   total 95232K, used 45164K [0x0000000080000000, 0x0000000100000000)
  region size 1024K, 2 young (2048K), 2 survivors (2048K)
 Metaspace       used 53628K, capacity 55079K, committed 55248K, reserved 1097728K
  class space    used 7152K, capacity 7666K, committed 7680K, reserved 1048576K
}
Event: 13.083 GC heap before
{Heap before GC invocations=20 (full 0):
 garbage-first heap   total 95232K, used 71788K [0x0000000080000000, 0x0000000100000000)
  region size 1024K, 28 young (28672K), 2 survivors (2048K)
 Metaspace       used 56656K, capacity 58137K, committed 58320K, reserved 1099776K
  class space    used 7621K, capacity 8121K, committed 8192K, reserved 1048576K
}
Event: 13.090 GC heap after
{Heap after GC invocations=21 (full 0):
 garbage-first heap   total 95232K, used 46637K [0x0000000080000000, 0x0000000100000000)
  region size 1024K, 4 young (4096K), 4 survivors (4096K)
 Metaspace       used 56656K, capacity 58137K, committed 58320K, reserved 1099776K
  class space    used 7621K, capacity 8121K, committed 8192K, reserved 1048576K
}

