# JRE version: Java(TM) SE Runtime Environment (12.0.2+10) (build 12.0.2+10)
# Java VM: Java HotSpot(TM) 64-Bit Server VM (12.0.2+10, mixed mode, sharing, tiered, compressed oops, g1 gc, windows-amd64)
Heap:
 garbage-first heap   total 103424K, used 40300K [0x0000000080000000, 0x0000000100000000)
  region size 1024K, 4 young (4096K), 4 survivors (4096K)
 Metaspace       used 46415K, capacity 47610K, committed 47824K, reserved 1091584K
  class space    used 6189K, capacity 6599K, committed 6732K, reserved 1048576K
GC Heap History (10 events):
Event: 4.893 GC heap after
{Heap after GC invocations=9 (full 0):
 garbage-first heap   total 71680K, used 24012K [0x0000000080000000, 0x0000000100000000)
  region size 1024K, 2 young (2048K), 2 survivors (2048K)
 Metaspace       used 30927K, capacity 31685K, committed 31868K, reserved 1077248K
  class space    used 4200K, capacity 4462K, committed 4556K, reserved 1048576K
}
Event: 5.233 GC heap before
{Heap before GC invocations=9 (full 0):
 garbage-first heap   total 71680K, used 52684K [0x0000000080000000, 0x0000000100000000)
  region size 1024K, 31 young (31744K), 2 survivors (2048K)
 Metaspace       used 33213K, capacity 34109K, committed 34300K, reserved 1079296K
  class space    used 4547K, capacity 4848K, committed 4940K, reserved 1048576K
}
Event: 5.239 GC heap after
{Heap after GC invocations=10 (full 0):
 garbage-first heap   total 86016K, used 24906K [0x0000000080000000, 0x0000000100000000)
  region size 1024K, 3 young (3072K), 3 survivors (3072K)
 Metaspace       used 33213K, capacity 34109K, committed 34300K, reserved 1079296K
  class space    used 4547K, capacity 4848K, committed 4940K, reserved 1048576K
}
Event: 5.781 GC heap before
{Heap before GC invocations=10 (full 0):
 garbage-first heap   total 86016K, used 57674K [0x0000000080000000, 0x0000000100000000)
  region size 1024K, 37 young (37888K), 3 survivors (3072K)
 Metaspace       used 35006K, capacity 35930K, committed 36048K, reserved 1081344K
  class space    used 4765K, capacity 5092K, committed 5196K, reserved 1048576K
}
Event: 5.789 GC heap after
{Heap after GC invocations=11 (full 0):
 garbage-first heap   total 86016K, used 26312K [0x0000000080000000, 0x0000000100000000)
  region size 1024K, 5 young (5120K), 5 survivors (5120K)
 Metaspace       used 35006K, capacity 35930K, committed 36048K, reserved 1081344K
  class space    used 4765K, capacity 5092K, committed 5196K, reserved 1048576K
}
Event: 6.489 GC heap before
{Heap before GC invocations=12 (full 0):
 garbage-first heap   total 86016K, used 64200K [0x0000000080000000, 0x0000000100000000)
  region size 1024K, 40 young (40960K), 5 survivors (5120K)
 Metaspace       used 38084K, capacity 39245K, committed 39376K, reserved 1083392K
  class space    used 5213K, capacity 5613K, committed 5708K, reserved 1048576K
}
Event: 6.500 GC heap after
{Heap after GC invocations=13 (full 0):
 garbage-first heap   total 86016K, used 35320K [0x0000000080000000, 0x0000000100000000)
  region size 1024K, 5 young (5120K), 5 survivors (5120K)
 Metaspace       used 38084K, capacity 39245K, committed 39376K, reserved 1083392K
  class space    used 5213K, capacity 5613K, committed 5708K, reserved 1048576K
}
Event: 7.047 GC heap before
{Heap before GC invocations=13 (full 0):
 garbage-first heap   total 86016K, used 66040K [0x0000000080000000, 0x0000000100000000)
  region size 1024K, 35 young (35840K), 5 survivors (5120K)
 Metaspace       used 43447K, capacity 44617K, committed 44880K, reserved 1087488K
  class space    used 5828K, capacity 6228K, committed 6348K, reserved 1048576K
}
Event: 7.055 GC heap after
{Heap after GC invocations=14 (full 0):
 garbage-first heap   total 86016K, used 37007K [0x0000000080000000, 0x0000000100000000)
  region size 1024K, 2 young (2048K), 2 survivors (2048K)
 Metaspace       used 43447K, capacity 44617K, committed 44880K, reserved 1087488K
  class space    used 5828K, capacity 6228K, committed 6348K, reserved 1048576K
}
Event: 7.498 GC heap before
{Heap before GC invocations=14 (full 0):
 garbage-first heap   total 86016K, used 65679K [0x0000000080000000, 0x0000000100000000)
  region size 1024K, 31 young (31744K), 2 survivors (2048K)
 Metaspace       used 46415K, capacity 47610K, committed 47824K, reserved 1091584K
  class space    used 6189K, capacity 6599K, committed 6732K, reserved 1048576K
}

