# JRE version: Java(TM) SE Runtime Environment (12.0.2+10) (build 12.0.2+10)
# Java VM: Java HotSpot(TM) 64-Bit Server VM (12.0.2+10, mixed mode, sharing, tiered, compressed oops, g1 gc, windows-amd64)
Heap:
 garbage-first heap   total 155648K, used 17443K [0x0000000080000000, 0x0000000100000000)
  region size 1024K, 5 young (5120K), 5 survivors (5120K)
 Metaspace       used 17594K, capacity 18231K, committed 18432K, reserved 1064960K
  class space    used 2513K, capacity 2714K, committed 2816K, reserved 1048576K
GC Heap History (9 events):
Event: 0.448 GC heap before
{Heap before GC invocations=0 (full 0):
 garbage-first heap   total 129024K, used 20480K [0x0000000080000000, 0x0000000100000000)
  region size 1024K, 14 young (14336K), 0 survivors (0K)
 Metaspace       used 1875K, capacity 5353K, committed 5504K, reserved 1056768K
  class space    used 213K, capacity 549K, committed 640K, reserved 1048576K
}
Event: 0.452 GC heap after
{Heap after GC invocations=1 (full 0):
 garbage-first heap   total 129024K, used 7737K [0x0000000080000000, 0x0000000100000000)
  region size 1024K, 2 young (2048K), 2 survivors (2048K)
 Metaspace       used 1875K, capacity 5353K, committed 5504K, reserved 1056768K
  class space    used 213K, capacity 549K, committed 640K, reserved 1048576K
}
Event: 0.746 GC heap before
{Heap before GC invocations=1 (full 0):
 garbage-first heap   total 129024K, used 19001K [0x0000000080000000, 0x0000000100000000)
  region size 1024K, 13 young (13312K), 2 survivors (2048K)
 Metaspace       used 3833K, capacity 6665K, committed 7040K, reserved 1056768K
  class space    used 500K, capacity 774K, committed 896K, reserved 1048576K
}
Event: 0.749 GC heap after
{Heap after GC invocations=2 (full 0):
 garbage-first heap   total 129024K, used 8563K [0x0000000080000000, 0x0000000100000000)
  region size 1024K, 1 young (1024K), 1 survivors (1024K)
 Metaspace       used 3833K, capacity 6665K, committed 7040K, reserved 1056768K
  class space    used 500K, capacity 774K, committed 896K, reserved 1048576K
}
Event: 1.221 GC heap before
{Heap before GC invocations=2 (full 0):
 garbage-first heap   total 129024K, used 34163K [0x0000000080000000, 0x0000000100000000)
  region size 1024K, 27 young (27648K), 1 survivors (1024K)
 Metaspace       used 3993K, capacity 6665K, committed 7040K, reserved 1056768K
  class space    used 502K, capacity 774K, committed 896K, reserved 1048576K
}
Event: 1.225 GC heap after
{Heap after GC invocations=3 (full 0):
 garbage-first heap   total 129024K, used 12725K [0x0000000080000000, 0x0000000100000000)
  region size 1024K, 4 young (4096K), 4 survivors (4096K)
 Metaspace       used 3993K, capacity 6665K, committed 7040K, reserved 1056768K
  class space    used 502K, capacity 774K, committed 896K, reserved 1048576K
}
Event: 2.542 GC heap before
{Heap before GC invocations=3 (full 0):
 garbage-first heap   total 129024K, used 51637K [0x0000000080000000, 0x0000000100000000)
  region size 1024K, 42 young (43008K), 4 survivors (4096K)
 Metaspace       used 10140K, capacity 10525K, committed 10624K, reserved 1058816K
  class space    used 1460K, capacity 1585K, committed 1664K, reserved 1048576K
}
Event: 2.549 GC heap after
{Heap after GC invocations=4 (full 0):
 garbage-first heap   total 129024K, used 15304K [0x0000000080000000, 0x0000000100000000)
  region size 1024K, 3 young (3072K), 3 survivors (3072K)
 Metaspace       used 10140K, capacity 10525K, committed 10624K, reserved 1058816K
  class space    used 1460K, capacity 1585K, committed 1664K, reserved 1048576K
}
Event: 3.191 GC heap before
{Heap before GC invocations=4 (full 0):
 garbage-first heap   total 129024K, used 67528K [0x0000000080000000, 0x0000000100000000)
  region size 1024K, 53 young (54272K), 3 survivors (3072K)
 Metaspace       used 17594K, capacity 18231K, committed 18432K, reserved 1064960K
  class space    used 2513K, capacity 2714K, committed 2816K, reserved 1048576K
}

